<?xml version="1.0" encoding="UTF-8"?>
<testng-results skipped="0" failed="1" ignored="0" total="4" passed="3">
  <reporter-output>
  </reporter-output>
  <suite name="CRM Test Suite" duration-ms="178566" started-at="2019-11-18T11:40:09Z" finished-at="2019-11-18T11:43:08Z">
    <groups>
      <group name="Member Profile">
        <method signature="AdministrativeNotes.verifyAdministrativeNotes()[pri:0, instance:AdministrativeNotes@35645047]" name="verifyAdministrativeNotes" class="AdministrativeNotes"/>
      </group> <!-- Member Profile -->
      <group name="Login">
        <method signature="TestLogin.loginToCignpostCRM()[pri:0, instance:LoginToUserWithValidData@59e505b2]" name="loginToCignpostCRM" class="LoginToUserWithValidData"/>
        <method signature="TestLogin.loginWithInvalidUser()[pri:0, instance:LoginToUserWithValidData@59e505b2]" name="loginWithInvalidUser" class="LoginToUserWithValidData"/>
      </group> <!-- M_Login -->
      <group name="Member Case">
        <method signature="AddEnquiry.verifyAddEnquiry()[pri:0, instance:AddEnquiry@73d983ea]" name="verifyAddEnquiry" class="AddEnquiry"/>
      </group> <!-- Member Case -->
    </groups>
    <test name="Login-Tests" duration-ms="28872" started-at="2019-11-18T11:40:09Z" finished-at="2019-11-18T11:40:38Z">
      <class name="LoginToUserWithValidData">
        <test-method status="PASS" signature="beforeClass()[pri:0, instance:LoginToUserWithValidData@59e505b2]" name="beforeClass" is-config="true" duration-ms="11190" started-at="2019-11-18T17:40:09Z" finished-at="2019-11-18T17:40:20Z">
          <reporter-output>
          </reporter-output>
        </test-method> <!-- beforeClass -->
        <test-method status="PASS" signature="loginToCignpostCRM()[pri:0, instance:LoginToUserWithValidData@59e505b2]" name="loginToCignpostCRM" duration-ms="10833" started-at="2019-11-18T17:40:20Z" description="Case 2: Login with valid user" finished-at="2019-11-18T17:40:31Z">
          <reporter-output>
          </reporter-output>
        </test-method> <!-- loginToCignpostCRM -->
        <test-method status="PASS" signature="afterMethod(org.testng.ITestResult)[pri:0, instance:LoginToUserWithValidData@59e505b2]" name="afterMethod" is-config="true" duration-ms="610" started-at="2019-11-18T17:40:31Z" finished-at="2019-11-18T17:40:32Z">
          <params>
            <param index="0">
              <value>
                  <![CDATA[[TestResult name=loginToCignpostCRM status=SUCCESS method=TestLogin.loginToCignpostCRM()[pri:0, instance:LoginToUserWithValidData@59e505b2] output={null}]]]>
              </value>
            </param>
          </params>
          <reporter-output>
          </reporter-output>
        </test-method> <!-- afterMethod -->
        <test-method status="PASS" signature="loginWithInvalidUser()[pri:0, instance:LoginToUserWithValidData@59e505b2]" name="loginWithInvalidUser" duration-ms="5202" started-at="2019-11-18T17:40:32Z" description="Case 1: Login with invalid user." finished-at="2019-11-18T17:40:37Z">
          <reporter-output>
          </reporter-output>
        </test-method> <!-- loginWithInvalidUser -->
        <test-method status="PASS" signature="afterMethod(org.testng.ITestResult)[pri:0, instance:LoginToUserWithValidData@59e505b2]" name="afterMethod" is-config="true" duration-ms="158" started-at="2019-11-18T17:40:37Z" finished-at="2019-11-18T17:40:37Z">
          <params>
            <param index="0">
              <value>
                  <![CDATA[[TestResult name=loginWithInvalidUser status=SUCCESS method=TestLogin.loginWithInvalidUser()[pri:0, instance:LoginToUserWithValidData@59e505b2] output={null}]]]>
              </value>
            </param>
          </params>
          <reporter-output>
          </reporter-output>
        </test-method> <!-- afterMethod -->
        <test-method status="PASS" signature="close()[pri:0, instance:LoginToUserWithValidData@59e505b2]" name="close" is-config="true" duration-ms="864" started-at="2019-11-18T17:40:37Z" finished-at="2019-11-18T17:40:38Z">
          <reporter-output>
          </reporter-output>
        </test-method> <!-- close -->
      </class> <!-- LoginToUserWithValidData -->
    </test> <!-- M_Login-Tests -->
    <test name="MemberCase-Tests" duration-ms="33508" started-at="2019-11-18T11:40:38Z" finished-at="2019-11-18T11:41:11Z">
      <class name="AddEnquiry">
        <test-method status="PASS" signature="beforeClass()[pri:0, instance:AddEnquiry@73d983ea]" name="beforeClass" is-config="true" duration-ms="9956" started-at="2019-11-18T17:40:38Z" finished-at="2019-11-18T17:40:48Z">
          <reporter-output>
          </reporter-output>
        </test-method> <!-- beforeClass -->
        <test-method status="FAIL" signature="verifyAddEnquiry()[pri:0, instance:AddEnquiry@73d983ea]" name="verifyAddEnquiry" duration-ms="21853" started-at="2019-11-18T17:40:48Z" description="Validate Add Enquiry" finished-at="2019-11-18T17:41:10Z">
          <exception class="java.lang.AssertionError">
            <message>
              <![CDATA[expected [Enquiry Added Successfully] but found []]]>
            </message>
            <full-stacktrace>
                <![CDATA[java.lang.AssertionError: expected [Enquiry Added Successfully] but found []
	at org.testng.Assert.fail(Assert.java:93)
	at org.testng.Assert.failNotEquals(Assert.java:512)
	at org.testng.Assert.assertEqualsImpl(Assert.java:134)
	at org.testng.Assert.assertEquals(Assert.java:115)
	at org.testng.Assert.assertEquals(Assert.java:189)
	at org.testng.Assert.assertEquals(Assert.java:199)
	at AddEnquiry.verifyAddEnquiry(AddEnquiry.java:47)
	at sun.reflect.NativeMethodAccessorImpl.invoke0(Native Method)
	at sun.reflect.NativeMethodAccessorImpl.invoke(NativeMethodAccessorImpl.java:62)
	at sun.reflect.DelegatingMethodAccessorImpl.invoke(DelegatingMethodAccessorImpl.java:43)
	at java.lang.reflect.Method.invoke(Method.java:498)
	at org.testng.internal.MethodInvocationHelper.invokeMethod(MethodInvocationHelper.java:108)
	at org.testng.internal.Invoker.invokeMethod(Invoker.java:661)
	at org.testng.internal.Invoker.invokeTestMethod(Invoker.java:869)
	at org.testng.internal.Invoker.invokeTestMethods(Invoker.java:1193)
	at org.testng.internal.TestMethodWorker.invokeTestMethods(TestMethodWorker.java:126)
	at org.testng.internal.TestMethodWorker.run(TestMethodWorker.java:109)
	at java.util.concurrent.ThreadPoolExecutor.runWorker(ThreadPoolExecutor.java:1149)
	at java.util.concurrent.ThreadPoolExecutor$Worker.run(ThreadPoolExecutor.java:624)
	at java.lang.Thread.run(Thread.java:748)
]]>
            </full-stacktrace>
          </exception> <!-- java.lang.AssertionError -->
          <reporter-output>
          </reporter-output>
        </test-method> <!-- verifyAddEnquiry -->
        <test-method status="PASS" signature="afterMethod(org.testng.ITestResult)[pri:0, instance:AddEnquiry@73d983ea]" name="afterMethod" is-config="true" duration-ms="202" started-at="2019-11-18T17:41:10Z" finished-at="2019-11-18T17:41:11Z">
          <params>
            <param index="0">
              <value>
                  <![CDATA[[TestResult name=verifyAddEnquiry status=FAILURE method=AddEnquiry.verifyAddEnquiry()[pri:0, instance:AddEnquiry@73d983ea] output={null}]]]>
              </value>
            </param>
          </params>
          <reporter-output>
          </reporter-output>
        </test-method> <!-- afterMethod -->
        <test-method status="PASS" signature="close()[pri:0, instance:AddEnquiry@73d983ea]" name="close" is-config="true" duration-ms="843" started-at="2019-11-18T17:41:11Z" finished-at="2019-11-18T17:41:11Z">
          <reporter-output>
          </reporter-output>
        </test-method> <!-- close -->
      </class> <!-- AddEnquiry -->
    </test> <!-- S_MemberCase-Tests -->
    <test name="MemberProfile-Tests" duration-ms="115989" started-at="2019-11-18T11:41:12Z" finished-at="2019-11-18T11:43:08Z">
      <class name="AdministrativeNotes">
        <test-method status="PASS" signature="beforeClass()[pri:0, instance:AdministrativeNotes@35645047]" name="beforeClass" is-config="true" duration-ms="31790" started-at="2019-11-18T17:41:12Z" finished-at="2019-11-18T17:41:43Z">
          <reporter-output>
          </reporter-output>
        </test-method> <!-- beforeClass -->
        <test-method status="PASS" signature="verifyAdministrativeNotes()[pri:0, instance:AdministrativeNotes@35645047]" name="verifyAdministrativeNotes" duration-ms="83307" started-at="2019-11-18T17:41:43Z" description="Validate Administrative Notes" finished-at="2019-11-18T17:43:07Z">
          <reporter-output>
          </reporter-output>
        </test-method> <!-- verifyAdministrativeNotes -->
        <test-method status="PASS" signature="afterMethod(org.testng.ITestResult)[pri:0, instance:AdministrativeNotes@35645047]" name="afterMethod" is-config="true" duration-ms="122" started-at="2019-11-18T17:43:07Z" finished-at="2019-11-18T17:43:07Z">
          <params>
            <param index="0">
              <value>
                  <![CDATA[[TestResult name=verifyAdministrativeNotes status=SUCCESS method=AdministrativeNotes.verifyAdministrativeNotes()[pri:0, instance:AdministrativeNotes@35645047] output={null}]]]>
              </value>
            </param>
          </params>
          <reporter-output>
          </reporter-output>
        </test-method> <!-- afterMethod -->
        <test-method status="PASS" signature="close()[pri:0, instance:AdministrativeNotes@35645047]" name="close" is-config="true" duration-ms="768" started-at="2019-11-18T17:43:07Z" finished-at="2019-11-18T17:43:08Z">
          <reporter-output>
          </reporter-output>
        </test-method> <!-- close -->
      </class> <!-- AdministrativeNotes -->
    </test> <!-- S_MemberProfile-Tests -->
  </suite> <!-- CRM Test Suite -->
</testng-results>
